2026-01-31 12:49:07,814 [ERROR] ConfigurationRetriever:142 - IOException on connection: Read timed out
2026-01-31 12:56:00,274 [INFO] ADCParametersView:116 -                Rank 1 : false
2026-01-31 12:56:00,433 [INFO] ADCParametersView:116 -                Rank 1 : false
2026-01-31 12:56:00,434 [INFO] ADCParametersView:116 -                Rank 1 : false
2026-01-31 12:56:00,434 [INFO] ADCParametersView:116 -                Rank 1 : false
2026-01-31 12:56:00,434 [INFO] ADCParametersView:116 -                Rank 1 : false
2026-01-31 12:56:00,434 [INFO] ADCParametersView:116 -                Rank 1 : false
2026-01-31 12:56:00,434 [INFO] ADCParametersView:116 -                Rank 1 : false
2026-01-31 12:56:00,435 [INFO] ADCParametersView:116 -                Rank 1 : false
2026-01-31 12:56:00,435 [INFO] ADCParametersView:116 -                Rank 1 : false
2026-01-31 12:56:00,435 [INFO] ADCParametersView:116 -                Rank 1 : false
2026-01-31 12:56:00,435 [INFO] ADCParametersView:116 -                Rank 1 : false
2026-01-31 12:56:00,435 [INFO] ADCParametersView:116 -                Rank 1 : false
2026-01-31 12:56:00,435 [INFO] ADCParametersView:116 -                Rank 1 : false
2026-01-31 12:56:00,435 [INFO] ADCParametersView:116 -                Rank 1 : false
2026-01-31 12:56:00,435 [INFO] ADCParametersView:116 -                Rank 1 : false
2026-01-31 12:56:00,460 [INFO] ADCParametersView:116 -                Rank 1 : false
2026-01-31 12:56:04,409 [INFO] ADCParametersView:116 -                Rank 1 : false
2026-01-31 12:56:04,409 [INFO] ADCParametersView:116 -                Rank 1 : false
2026-01-31 12:56:04,409 [INFO] ADCParametersView:116 -                Rank 1 : false
2026-01-31 12:56:04,409 [INFO] ADCParametersView:116 -                Rank 1 : false
2026-01-31 12:56:04,409 [INFO] ADCParametersView:116 -                Rank 1 : false
2026-01-31 12:56:04,409 [INFO] ADCParametersView:116 -                Rank 1 : false
2026-01-31 12:56:04,409 [INFO] ADCParametersView:116 -                Rank 1 : false
2026-01-31 12:56:04,409 [INFO] ADCParametersView:116 -                Rank 1 : false
2026-01-31 12:56:04,409 [INFO] ADCParametersView:116 -                Rank 1 : false
2026-01-31 12:56:04,409 [INFO] ADCParametersView:116 -                Rank 1 : false
2026-01-31 12:56:04,410 [INFO] ADCParametersView:116 -                Rank 1 : false
2026-01-31 12:56:04,410 [INFO] ADCParametersView:116 -                Rank 1 : false
2026-01-31 12:56:04,410 [INFO] ADCParametersView:116 -                Rank 1 : false
2026-01-31 12:56:04,410 [INFO] ADCParametersView:116 -                Rank 1 : false
2026-01-31 12:56:04,434 [INFO] ADCParametersView:116 -                Rank 1 : false
2026-01-31 12:56:11,647 [INFO] Gpio:278 - dependency for GPIO [ADC1, SYS]
2026-01-31 12:56:14,287 [INFO] ADCParametersView:116 -                Rank 1 : false
2026-01-31 12:56:14,287 [INFO] ADCParametersView:116 -                Rank 1 : false
2026-01-31 12:56:14,287 [INFO] ADCParametersView:116 -                Rank 1 : false
2026-01-31 12:56:14,288 [INFO] ADCParametersView:116 -                Rank 1 : false
2026-01-31 12:56:14,288 [INFO] ADCParametersView:116 -                Rank 1 : false
2026-01-31 12:56:14,288 [INFO] ADCParametersView:116 -                Rank 1 : false
2026-01-31 12:56:14,288 [INFO] ADCParametersView:116 -                Rank 1 : false
2026-01-31 12:56:14,288 [INFO] ADCParametersView:116 -                Rank 1 : false
2026-01-31 12:56:14,288 [INFO] ADCParametersView:116 -                Rank 1 : false
2026-01-31 12:56:14,289 [INFO] ADCParametersView:116 -                Rank 1 : false
2026-01-31 12:56:14,289 [INFO] ADCParametersView:116 -                Rank 1 : false
2026-01-31 12:56:14,289 [INFO] ADCParametersView:116 -                Rank 1 : false
2026-01-31 12:56:14,289 [INFO] ADCParametersView:116 -                Rank 1 : false
2026-01-31 12:56:14,289 [INFO] ADCParametersView:116 -                Rank 1 : false
2026-01-31 12:56:14,302 [INFO] ADCParametersView:116 -                Rank 1 : false
2026-01-31 12:56:14,327 [INFO] ADCParametersView:116 -                Rank 1 : false
2026-01-31 12:56:14,327 [INFO] ADCParametersView:116 -                Rank 1 : false
2026-01-31 12:56:14,327 [INFO] ADCParametersView:116 -                Rank 1 : false
2026-01-31 12:56:14,328 [INFO] ADCParametersView:116 -                Rank 1 : false
2026-01-31 12:56:14,328 [INFO] ADCParametersView:116 -                Rank 1 : false
2026-01-31 12:56:14,328 [INFO] ADCParametersView:116 -                Rank 1 : false
2026-01-31 12:56:14,328 [INFO] ADCParametersView:116 -                Rank 1 : false
2026-01-31 12:56:14,329 [INFO] ADCParametersView:116 -                Rank 1 : false
2026-01-31 12:56:14,329 [INFO] ADCParametersView:116 -                Rank 1 : false
2026-01-31 12:56:14,330 [INFO] ADCParametersView:116 -                Rank 1 : false
2026-01-31 12:56:14,330 [INFO] ADCParametersView:116 -                Rank 1 : false
2026-01-31 12:56:14,330 [INFO] ADCParametersView:116 -                Rank 1 : false
2026-01-31 12:56:14,330 [INFO] ADCParametersView:116 -                Rank 1 : false
2026-01-31 12:56:14,330 [INFO] ADCParametersView:116 -                Rank 1 : false
2026-01-31 12:56:14,343 [INFO] ADCParametersView:116 -                Rank 1 : false
2026-01-31 12:56:17,677 [INFO] NvicIntPanel:101 - NVIC parent = com.st.microxplorer.plugins.ip.nvic.MultiNvicIntPanel[,0,0,450x219,layout=javax.swing.BoxLayout,alignmentX=0.0,alignmentY=0.0,border=,flags=9,maximumSize=,minimumSize=,preferredSize=]
2026-01-31 16:54:46,674 [INFO] Gpio:278 - dependency for GPIO [ADC1, SYS]
2026-01-31 17:14:27,557 [INFO] UtilMem:75 - End SaveConfig() Used Memory: 289970088 Bytes (591396864)
2026-01-31 17:14:30,471 [INFO] UtilMem:75 - End SaveConfig() Used Memory: 344488064 Bytes (591396864)
2026-01-31 17:14:30,685 [INFO] UtilMem:75 - End SaveConfig() Used Memory: 399014016 Bytes (591396864)
2026-01-31 17:14:31,081 [INFO] BlockDiagram:2775 - set Specific Code input for plugin: NVIC
2026-01-31 17:14:31,082 [INFO] BlockDiagram:2775 - set Specific Code input for plugin: SYS
2026-01-31 17:14:31,082 [INFO] BlockDiagram:2775 - set Specific Code input for plugin: GPIO
2026-01-31 17:14:31,082 [INFO] BlockDiagram:2775 - set Specific Code input for plugin: ADC
2026-01-31 17:14:31,082 [INFO] BlockDiagram:2775 - set Specific Code input for plugin: RCC
2026-01-31 17:14:31,082 [INFO] CodeGenerator:892 - code generatio: config db path: C:\ST\STM32CubeIDE_1.19.0\STM32CubeIDE\plugins\com.st.stm32cube.common.mx_6.15.0.202507011659\\db\
2026-01-31 17:14:31,185 [INFO] CodeEngine:265 - oldGeneratedFile, D:\Dokumenty\jamro\Projekty\Programowanie\embeded\Trial_task_Firmware_Engineer\trial_task_smart_relay\MXTmpFiles\license.tmp_save
2026-01-31 17:14:31,350 [INFO] CodeEngine:289 - Generated code: D:\Dokumenty\jamro\Projekty\Programowanie\embeded\Trial_task_Firmware_Engineer\trial_task_smart_relay\MXTmpFiles\license.tmp
2026-01-31 17:14:31,374 [INFO] CodeEngine:265 - oldGeneratedFile, D:\Dokumenty\jamro\Projekty\Programowanie\embeded\Trial_task_Firmware_Engineer\trial_task_smart_relay\Core\Src\gpio.c_save
2026-01-31 17:14:31,493 [INFO] CodeEngine:289 - Generated code: D:\Dokumenty\jamro\Projekty\Programowanie\embeded\Trial_task_Firmware_Engineer\trial_task_smart_relay\Core\Src\gpio.c
2026-01-31 17:14:31,499 [INFO] CodeEngine:265 - oldGeneratedFile, D:\Dokumenty\jamro\Projekty\Programowanie\embeded\Trial_task_Firmware_Engineer\trial_task_smart_relay\Core\Inc\gpio.h_save
2026-01-31 17:14:31,556 [INFO] CodeEngine:289 - Generated code: D:\Dokumenty\jamro\Projekty\Programowanie\embeded\Trial_task_Firmware_Engineer\trial_task_smart_relay\Core\Inc\gpio.h
2026-01-31 17:14:31,603 [INFO] CodeEngine:265 - oldGeneratedFile, D:\Dokumenty\jamro\Projekty\Programowanie\embeded\Trial_task_Firmware_Engineer\trial_task_smart_relay\Core\Src\adc.c_save
2026-01-31 17:14:31,706 [INFO] CodeEngine:289 - Generated code: D:\Dokumenty\jamro\Projekty\Programowanie\embeded\Trial_task_Firmware_Engineer\trial_task_smart_relay\Core\Src\adc.c
2026-01-31 17:14:31,711 [INFO] CodeEngine:265 - oldGeneratedFile, D:\Dokumenty\jamro\Projekty\Programowanie\embeded\Trial_task_Firmware_Engineer\trial_task_smart_relay\Core\Inc\adc.h_save
2026-01-31 17:14:31,765 [INFO] CodeEngine:289 - Generated code: D:\Dokumenty\jamro\Projekty\Programowanie\embeded\Trial_task_Firmware_Engineer\trial_task_smart_relay\Core\Inc\adc.h
2026-01-31 17:14:31,774 [INFO] CodeEngine:265 - oldGeneratedFile, D:\Dokumenty\jamro\Projekty\Programowanie\embeded\Trial_task_Firmware_Engineer\trial_task_smart_relay\Core\Src\stm32f4xx_it.c_save
2026-01-31 17:14:31,918 [INFO] CodeEngine:289 - Generated code: D:\Dokumenty\jamro\Projekty\Programowanie\embeded\Trial_task_Firmware_Engineer\trial_task_smart_relay\Core\Src\stm32f4xx_it.c
2026-01-31 17:14:31,923 [INFO] CodeEngine:265 - oldGeneratedFile, D:\Dokumenty\jamro\Projekty\Programowanie\embeded\Trial_task_Firmware_Engineer\trial_task_smart_relay\Core\Inc\stm32f4xx_it.h_save
2026-01-31 17:14:31,978 [INFO] CodeEngine:289 - Generated code: D:\Dokumenty\jamro\Projekty\Programowanie\embeded\Trial_task_Firmware_Engineer\trial_task_smart_relay\Core\Inc\stm32f4xx_it.h
2026-01-31 17:14:31,988 [INFO] CodeEngine:265 - oldGeneratedFile, D:\Dokumenty\jamro\Projekty\Programowanie\embeded\Trial_task_Firmware_Engineer\trial_task_smart_relay\Core\Src\stm32f4xx_hal_msp.c_save
2026-01-31 17:14:32,072 [INFO] CodeEngine:289 - Generated code: D:\Dokumenty\jamro\Projekty\Programowanie\embeded\Trial_task_Firmware_Engineer\trial_task_smart_relay\Core\Src\stm32f4xx_hal_msp.c
2026-01-31 17:14:32,076 [INFO] CodeEngine:265 - oldGeneratedFile, D:\Dokumenty\jamro\Projekty\Programowanie\embeded\Trial_task_Firmware_Engineer\trial_task_smart_relay\MXTmpFiles\system.tmp_save
2026-01-31 17:14:32,123 [INFO] CodeEngine:289 - Generated code: D:\Dokumenty\jamro\Projekty\Programowanie\embeded\Trial_task_Firmware_Engineer\trial_task_smart_relay\MXTmpFiles\system.tmp
2026-01-31 17:14:32,133 [INFO] CodeEngine:321 - oldGeneratedFile, D:\Dokumenty\jamro\Projekty\Programowanie\embeded\Trial_task_Firmware_Engineer\trial_task_smart_relay\Core\Inc\stm32f4xx_hal_conf.h_save
2026-01-31 17:14:32,188 [INFO] CodeEngine:345 - Generated code: D:\Dokumenty\jamro\Projekty\Programowanie\embeded\Trial_task_Firmware_Engineer\trial_task_smart_relay\Core\Inc\stm32f4xx_hal_conf.h
2026-01-31 17:14:32,212 [INFO] CodeEngine:265 - oldGeneratedFile, D:\Dokumenty\jamro\Projekty\Programowanie\embeded\Trial_task_Firmware_Engineer\trial_task_smart_relay\Core\Inc\main.h_save
2026-01-31 17:14:32,311 [INFO] CodeEngine:289 - Generated code: D:\Dokumenty\jamro\Projekty\Programowanie\embeded\Trial_task_Firmware_Engineer\trial_task_smart_relay\Core\Inc\main.h
2026-01-31 17:14:32,321 [INFO] CodeEngine:265 - oldGeneratedFile, D:\Dokumenty\jamro\Projekty\Programowanie\embeded\Trial_task_Firmware_Engineer\trial_task_smart_relay\Core\Src\main.c_save
2026-01-31 17:14:32,403 [INFO] CodeEngine:289 - Generated code: D:\Dokumenty\jamro\Projekty\Programowanie\embeded\Trial_task_Firmware_Engineer\trial_task_smart_relay\Core\Src\main.c
2026-01-31 17:14:32,638 [INFO] ProjectBuilder:3606 - Time for Copy HAL[1] : 125mS.
2026-01-31 17:14:32,640 [INFO] ProjectBuilder:5216 - Project Generator version: 4.7.0-B52
2026-01-31 17:14:32,696 [INFO] ConfigFileManager:1595 - The Die is : DIE431
2026-01-31 17:14:33,408 [INFO] ProjectBuilder:5496 - Time for Generating toolchain IDE Files: 768mS.
2026-01-31 17:14:33,409 [INFO] ProjectBuilder:3463 - Time for Copy CMSIS : 0mS.
2026-01-31 17:14:33,410 [INFO] ProjectBuilder:3463 - Time for Copy CMSIS : 0mS.
2026-01-31 17:46:51,887 [INFO] ADCParametersView:116 -                Rank 1 : false
2026-01-31 17:46:51,888 [INFO] ADCParametersView:116 -                Rank 1 : false
2026-01-31 17:46:51,889 [INFO] ADCParametersView:116 -                Rank 1 : false
2026-01-31 17:46:51,890 [INFO] ADCParametersView:116 -                Rank 1 : false
2026-01-31 17:46:51,890 [INFO] ADCParametersView:116 -                Rank 1 : false
2026-01-31 17:46:51,890 [INFO] ADCParametersView:116 -                Rank 1 : false
2026-01-31 17:46:51,891 [INFO] ADCParametersView:116 -                Rank 1 : false
2026-01-31 17:46:51,891 [INFO] ADCParametersView:116 -                Rank 1 : false
2026-01-31 17:46:51,891 [INFO] ADCParametersView:116 -                Rank 1 : false
2026-01-31 17:46:51,892 [INFO] ADCParametersView:116 -                Rank 1 : false
2026-01-31 17:46:51,892 [INFO] ADCParametersView:116 -                Rank 1 : false
2026-01-31 17:46:51,892 [INFO] ADCParametersView:116 -                Rank 1 : false
2026-01-31 17:46:51,892 [INFO] ADCParametersView:116 -                Rank 1 : false
2026-01-31 17:46:51,892 [INFO] ADCParametersView:116 -                Rank 1 : false
2026-01-31 17:46:51,971 [INFO] ADCParametersView:116 -                Rank 1 : false
2026-01-31 17:46:52,060 [INFO] ADCParametersView:116 -                Rank 1 : false
2026-01-31 17:46:52,060 [INFO] ADCParametersView:116 -                Rank 1 : false
2026-01-31 17:46:52,060 [INFO] ADCParametersView:116 -                Rank 1 : false
2026-01-31 17:46:52,061 [INFO] ADCParametersView:116 -                Rank 1 : false
2026-01-31 17:46:52,061 [INFO] ADCParametersView:116 -                Rank 1 : false
2026-01-31 17:46:52,062 [INFO] ADCParametersView:116 -                Rank 1 : false
2026-01-31 17:46:52,062 [INFO] ADCParametersView:116 -                Rank 1 : false
2026-01-31 17:46:52,062 [INFO] ADCParametersView:116 -                Rank 1 : false
2026-01-31 17:46:52,063 [INFO] ADCParametersView:116 -                Rank 1 : false
2026-01-31 17:46:52,063 [INFO] ADCParametersView:116 -                Rank 1 : false
2026-01-31 17:46:52,063 [INFO] ADCParametersView:116 -                Rank 1 : false
2026-01-31 17:46:52,063 [INFO] ADCParametersView:116 -                Rank 1 : false
2026-01-31 17:46:52,063 [INFO] ADCParametersView:116 -                Rank 1 : false
2026-01-31 17:46:52,063 [INFO] ADCParametersView:116 -                Rank 1 : false
2026-01-31 17:46:52,111 [INFO] ADCParametersView:116 -                Rank 1 : false
2026-01-31 17:46:57,644 [INFO] ADCParametersView:116 -                Rank 1 : false
2026-01-31 17:46:57,645 [INFO] ADCParametersView:116 -                Rank 1 : false
2026-01-31 17:46:57,646 [INFO] ADCParametersView:116 -                Rank 1 : false
2026-01-31 17:46:57,647 [INFO] ADCParametersView:116 -                Rank 1 : false
2026-01-31 17:46:57,647 [INFO] ADCParametersView:116 -                Rank 1 : false
2026-01-31 17:46:57,647 [INFO] ADCParametersView:116 -                Rank 1 : false
2026-01-31 17:46:57,648 [INFO] ADCParametersView:116 -                Rank 1 : false
2026-01-31 17:46:57,649 [INFO] ADCParametersView:116 -                Rank 1 : false
2026-01-31 17:46:57,649 [INFO] ADCParametersView:116 -                Rank 1 : false
2026-01-31 17:46:57,649 [INFO] ADCParametersView:116 -                Rank 1 : false
2026-01-31 17:46:57,649 [INFO] ADCParametersView:116 -                Rank 1 : false
2026-01-31 17:46:57,650 [INFO] ADCParametersView:116 -                Rank 1 : false
2026-01-31 17:46:57,650 [INFO] ADCParametersView:116 -                Rank 1 : false
2026-01-31 17:46:57,650 [INFO] ADCParametersView:116 -                Rank 1 : false
2026-01-31 17:46:57,678 [INFO] ADCParametersView:116 -                Rank 1 : false
2026-01-31 17:47:04,797 [INFO] ADCParametersView:116 -                Rank 1 : false
2026-01-31 17:47:17,617 [INFO] ADCParametersView:116 -                Rank 1 : true
2026-01-31 17:54:34,829 [INFO] Gpio:278 - dependency for GPIO [ADC1, SYS]
2026-01-31 17:55:12,512 [INFO] Gpio:278 - dependency for GPIO [ADC1, SYS]
2026-01-31 17:55:12,605 [INFO] NvicIntPanel:101 - NVIC parent = com.st.microxplorer.plugins.ip.nvic.MultiNvicIntPanel[,0,0,0x0,invalid,layout=javax.swing.BoxLayout,alignmentX=0.0,alignmentY=0.0,border=,flags=9,maximumSize=,minimumSize=,preferredSize=]
2026-01-31 17:56:01,493 [INFO] Gpio:278 - dependency for GPIO [ADC1, SYS]
2026-01-31 17:56:01,579 [INFO] NvicIntPanel:101 - NVIC parent = com.st.microxplorer.plugins.ip.nvic.MultiNvicIntPanel[,0,0,0x0,invalid,layout=javax.swing.BoxLayout,alignmentX=0.0,alignmentY=0.0,border=,flags=9,maximumSize=,minimumSize=,preferredSize=]
2026-01-31 17:58:21,299 [INFO] UtilMem:75 - End SaveConfig() Used Memory: 519716632 Bytes (618659840)
2026-01-31 17:58:24,680 [INFO] UtilMem:75 - End SaveConfig() Used Memory: 544882456 Bytes (618659840)
2026-01-31 17:58:26,751 [INFO] UtilMem:75 - End SaveConfig() Used Memory: 290316360 Bytes (618659840)
2026-01-31 17:58:27,100 [INFO] BlockDiagram:2775 - set Specific Code input for plugin: NVIC
2026-01-31 17:58:27,101 [INFO] BlockDiagram:2775 - set Specific Code input for plugin: SYS
2026-01-31 17:58:27,101 [INFO] BlockDiagram:2775 - set Specific Code input for plugin: GPIO
2026-01-31 17:58:27,101 [INFO] BlockDiagram:2775 - set Specific Code input for plugin: ADC
2026-01-31 17:58:27,102 [INFO] BlockDiagram:2775 - set Specific Code input for plugin: RCC
2026-01-31 17:58:27,103 [INFO] CodeGenerator:892 - code generatio: config db path: C:\ST\STM32CubeIDE_1.19.0\STM32CubeIDE\plugins\com.st.stm32cube.common.mx_6.15.0.202507011659\\db\
2026-01-31 17:58:27,244 [INFO] CodeEngine:265 - oldGeneratedFile, D:\Dokumenty\jamro\Projekty\Programowanie\embeded\Trial_task_Firmware_Engineer\trial_task_smart_relay\MXTmpFiles\license.tmp_save
2026-01-31 17:58:27,423 [INFO] CodeEngine:289 - Generated code: D:\Dokumenty\jamro\Projekty\Programowanie\embeded\Trial_task_Firmware_Engineer\trial_task_smart_relay\MXTmpFiles\license.tmp
2026-01-31 17:58:27,441 [INFO] CodeEngine:265 - oldGeneratedFile, D:\Dokumenty\jamro\Projekty\Programowanie\embeded\Trial_task_Firmware_Engineer\trial_task_smart_relay\Core\Src\gpio.c_save
2026-01-31 17:58:27,551 [INFO] CodeEngine:289 - Generated code: D:\Dokumenty\jamro\Projekty\Programowanie\embeded\Trial_task_Firmware_Engineer\trial_task_smart_relay\Core\Src\gpio.c
2026-01-31 17:58:27,556 [INFO] CodeEngine:265 - oldGeneratedFile, D:\Dokumenty\jamro\Projekty\Programowanie\embeded\Trial_task_Firmware_Engineer\trial_task_smart_relay\Core\Inc\gpio.h_save
2026-01-31 17:58:27,624 [INFO] CodeEngine:289 - Generated code: D:\Dokumenty\jamro\Projekty\Programowanie\embeded\Trial_task_Firmware_Engineer\trial_task_smart_relay\Core\Inc\gpio.h
2026-01-31 17:58:27,672 [INFO] CodeEngine:265 - oldGeneratedFile, D:\Dokumenty\jamro\Projekty\Programowanie\embeded\Trial_task_Firmware_Engineer\trial_task_smart_relay\Core\Src\adc.c_save
2026-01-31 17:58:27,793 [INFO] CodeEngine:289 - Generated code: D:\Dokumenty\jamro\Projekty\Programowanie\embeded\Trial_task_Firmware_Engineer\trial_task_smart_relay\Core\Src\adc.c
2026-01-31 17:58:27,798 [INFO] CodeEngine:265 - oldGeneratedFile, D:\Dokumenty\jamro\Projekty\Programowanie\embeded\Trial_task_Firmware_Engineer\trial_task_smart_relay\Core\Inc\adc.h_save
2026-01-31 17:58:27,864 [INFO] CodeEngine:289 - Generated code: D:\Dokumenty\jamro\Projekty\Programowanie\embeded\Trial_task_Firmware_Engineer\trial_task_smart_relay\Core\Inc\adc.h
2026-01-31 17:58:27,874 [INFO] CodeEngine:265 - oldGeneratedFile, D:\Dokumenty\jamro\Projekty\Programowanie\embeded\Trial_task_Firmware_Engineer\trial_task_smart_relay\Core\Src\stm32f4xx_it.c_save
2026-01-31 17:58:28,049 [INFO] CodeEngine:289 - Generated code: D:\Dokumenty\jamro\Projekty\Programowanie\embeded\Trial_task_Firmware_Engineer\trial_task_smart_relay\Core\Src\stm32f4xx_it.c
2026-01-31 17:58:28,053 [INFO] CodeEngine:265 - oldGeneratedFile, D:\Dokumenty\jamro\Projekty\Programowanie\embeded\Trial_task_Firmware_Engineer\trial_task_smart_relay\Core\Inc\stm32f4xx_it.h_save
2026-01-31 17:58:28,108 [INFO] CodeEngine:289 - Generated code: D:\Dokumenty\jamro\Projekty\Programowanie\embeded\Trial_task_Firmware_Engineer\trial_task_smart_relay\Core\Inc\stm32f4xx_it.h
2026-01-31 17:58:28,115 [INFO] CodeEngine:265 - oldGeneratedFile, D:\Dokumenty\jamro\Projekty\Programowanie\embeded\Trial_task_Firmware_Engineer\trial_task_smart_relay\Core\Src\stm32f4xx_hal_msp.c_save
2026-01-31 17:58:28,191 [INFO] CodeEngine:289 - Generated code: D:\Dokumenty\jamro\Projekty\Programowanie\embeded\Trial_task_Firmware_Engineer\trial_task_smart_relay\Core\Src\stm32f4xx_hal_msp.c
2026-01-31 17:58:28,194 [INFO] CodeEngine:265 - oldGeneratedFile, D:\Dokumenty\jamro\Projekty\Programowanie\embeded\Trial_task_Firmware_Engineer\trial_task_smart_relay\MXTmpFiles\system.tmp_save
2026-01-31 17:58:28,236 [INFO] CodeEngine:289 - Generated code: D:\Dokumenty\jamro\Projekty\Programowanie\embeded\Trial_task_Firmware_Engineer\trial_task_smart_relay\MXTmpFiles\system.tmp
2026-01-31 17:58:28,242 [INFO] CodeEngine:321 - oldGeneratedFile, D:\Dokumenty\jamro\Projekty\Programowanie\embeded\Trial_task_Firmware_Engineer\trial_task_smart_relay\Core\Inc\stm32f4xx_hal_conf.h_save
2026-01-31 17:58:28,294 [INFO] CodeEngine:345 - Generated code: D:\Dokumenty\jamro\Projekty\Programowanie\embeded\Trial_task_Firmware_Engineer\trial_task_smart_relay\Core\Inc\stm32f4xx_hal_conf.h
2026-01-31 17:58:28,318 [INFO] CodeEngine:265 - oldGeneratedFile, D:\Dokumenty\jamro\Projekty\Programowanie\embeded\Trial_task_Firmware_Engineer\trial_task_smart_relay\Core\Inc\main.h_save
2026-01-31 17:58:28,400 [INFO] CodeEngine:289 - Generated code: D:\Dokumenty\jamro\Projekty\Programowanie\embeded\Trial_task_Firmware_Engineer\trial_task_smart_relay\Core\Inc\main.h
2026-01-31 17:58:28,405 [INFO] CodeEngine:265 - oldGeneratedFile, D:\Dokumenty\jamro\Projekty\Programowanie\embeded\Trial_task_Firmware_Engineer\trial_task_smart_relay\Core\Src\main.c_save
2026-01-31 17:58:28,481 [INFO] CodeEngine:289 - Generated code: D:\Dokumenty\jamro\Projekty\Programowanie\embeded\Trial_task_Firmware_Engineer\trial_task_smart_relay\Core\Src\main.c
2026-01-31 17:58:28,691 [INFO] ProjectBuilder:3606 - Time for Copy HAL[1] : 75mS.
2026-01-31 17:58:28,693 [INFO] ProjectBuilder:5216 - Project Generator version: 4.7.0-B52
2026-01-31 17:58:28,745 [INFO] ConfigFileManager:1595 - The Die is : DIE431
2026-01-31 17:58:29,593 [INFO] ProjectBuilder:5496 - Time for Generating toolchain IDE Files: 901mS.
2026-01-31 17:58:29,594 [INFO] ProjectBuilder:3463 - Time for Copy CMSIS : 0mS.
2026-01-31 17:58:29,595 [INFO] ProjectBuilder:3463 - Time for Copy CMSIS : 0mS.
2026-01-31 18:06:04,919 [INFO] Gpio:278 - dependency for GPIO [ADC1, SYS]
2026-01-31 18:06:05,001 [INFO] NvicIntPanel:101 - NVIC parent = com.st.microxplorer.plugins.ip.nvic.MultiNvicIntPanel[,0,0,0x0,invalid,layout=javax.swing.BoxLayout,alignmentX=0.0,alignmentY=0.0,border=,flags=9,maximumSize=,minimumSize=,preferredSize=]
2026-01-31 18:06:07,066 [INFO] Gpio:278 - dependency for GPIO [ADC1, SYS]
2026-01-31 18:06:07,120 [INFO] NvicIntPanel:101 - NVIC parent = com.st.microxplorer.plugins.ip.nvic.MultiNvicIntPanel[,0,0,0x0,invalid,layout=javax.swing.BoxLayout,alignmentX=0.0,alignmentY=0.0,border=,flags=9,maximumSize=,minimumSize=,preferredSize=]
2026-01-31 18:14:26,433 [INFO] Gpio:278 - dependency for GPIO [ADC1, SYS]
2026-01-31 18:14:26,555 [INFO] NvicIntPanel:101 - NVIC parent = com.st.microxplorer.plugins.ip.nvic.MultiNvicIntPanel[,0,0,0x0,invalid,layout=javax.swing.BoxLayout,alignmentX=0.0,alignmentY=0.0,border=,flags=9,maximumSize=,minimumSize=,preferredSize=]
2026-01-31 18:14:46,507 [INFO] Gpio:278 - dependency for GPIO [ADC1, SYS]
2026-01-31 18:14:46,592 [INFO] NvicIntPanel:101 - NVIC parent = com.st.microxplorer.plugins.ip.nvic.MultiNvicIntPanel[,0,0,0x0,invalid,layout=javax.swing.BoxLayout,alignmentX=0.0,alignmentY=0.0,border=,flags=9,maximumSize=,minimumSize=,preferredSize=]
2026-01-31 18:28:34,659 [INFO] UtilMem:75 - End SaveConfig() Used Memory: 584710080 Bytes (618659840)
2026-01-31 18:28:36,057 [INFO] UtilMem:75 - End SaveConfig() Used Memory: 314112008 Bytes (618659840)
2026-01-31 18:28:36,299 [INFO] UtilMem:75 - End SaveConfig() Used Memory: 340848648 Bytes (618659840)
2026-01-31 18:28:36,795 [INFO] BlockDiagram:2775 - set Specific Code input for plugin: NVIC
2026-01-31 18:28:36,796 [INFO] BlockDiagram:2775 - set Specific Code input for plugin: SYS
2026-01-31 18:28:36,797 [INFO] BlockDiagram:2775 - set Specific Code input for plugin: GPIO
2026-01-31 18:28:36,797 [INFO] BlockDiagram:2775 - set Specific Code input for plugin: ADC
2026-01-31 18:28:36,798 [INFO] BlockDiagram:2775 - set Specific Code input for plugin: RCC
2026-01-31 18:28:36,798 [INFO] CodeGenerator:892 - code generatio: config db path: C:\ST\STM32CubeIDE_1.19.0\STM32CubeIDE\plugins\com.st.stm32cube.common.mx_6.15.0.202507011659\\db\
2026-01-31 18:28:37,022 [INFO] CodeEngine:265 - oldGeneratedFile, D:\Dokumenty\jamro\Projekty\Programowanie\embeded\Trial_task_Firmware_Engineer\trial_task_smart_relay\MXTmpFiles\license.tmp_save
2026-01-31 18:28:37,207 [INFO] CodeEngine:289 - Generated code: D:\Dokumenty\jamro\Projekty\Programowanie\embeded\Trial_task_Firmware_Engineer\trial_task_smart_relay\MXTmpFiles\license.tmp
2026-01-31 18:28:37,231 [INFO] CodeEngine:265 - oldGeneratedFile, D:\Dokumenty\jamro\Projekty\Programowanie\embeded\Trial_task_Firmware_Engineer\trial_task_smart_relay\Core\Src\gpio.c_save
2026-01-31 18:28:37,354 [INFO] CodeEngine:289 - Generated code: D:\Dokumenty\jamro\Projekty\Programowanie\embeded\Trial_task_Firmware_Engineer\trial_task_smart_relay\Core\Src\gpio.c
2026-01-31 18:28:37,358 [INFO] CodeEngine:265 - oldGeneratedFile, D:\Dokumenty\jamro\Projekty\Programowanie\embeded\Trial_task_Firmware_Engineer\trial_task_smart_relay\Core\Inc\gpio.h_save
2026-01-31 18:28:37,436 [INFO] CodeEngine:289 - Generated code: D:\Dokumenty\jamro\Projekty\Programowanie\embeded\Trial_task_Firmware_Engineer\trial_task_smart_relay\Core\Inc\gpio.h
2026-01-31 18:28:37,486 [INFO] CodeEngine:265 - oldGeneratedFile, D:\Dokumenty\jamro\Projekty\Programowanie\embeded\Trial_task_Firmware_Engineer\trial_task_smart_relay\Core\Src\adc.c_save
2026-01-31 18:28:37,610 [INFO] CodeEngine:289 - Generated code: D:\Dokumenty\jamro\Projekty\Programowanie\embeded\Trial_task_Firmware_Engineer\trial_task_smart_relay\Core\Src\adc.c
2026-01-31 18:28:37,614 [INFO] CodeEngine:265 - oldGeneratedFile, D:\Dokumenty\jamro\Projekty\Programowanie\embeded\Trial_task_Firmware_Engineer\trial_task_smart_relay\Core\Inc\adc.h_save
2026-01-31 18:28:37,673 [INFO] CodeEngine:289 - Generated code: D:\Dokumenty\jamro\Projekty\Programowanie\embeded\Trial_task_Firmware_Engineer\trial_task_smart_relay\Core\Inc\adc.h
2026-01-31 18:28:37,681 [INFO] CodeEngine:265 - oldGeneratedFile, D:\Dokumenty\jamro\Projekty\Programowanie\embeded\Trial_task_Firmware_Engineer\trial_task_smart_relay\Core\Src\stm32f4xx_it.c_save
2026-01-31 18:28:37,848 [INFO] CodeEngine:289 - Generated code: D:\Dokumenty\jamro\Projekty\Programowanie\embeded\Trial_task_Firmware_Engineer\trial_task_smart_relay\Core\Src\stm32f4xx_it.c
2026-01-31 18:28:37,856 [INFO] CodeEngine:265 - oldGeneratedFile, D:\Dokumenty\jamro\Projekty\Programowanie\embeded\Trial_task_Firmware_Engineer\trial_task_smart_relay\Core\Inc\stm32f4xx_it.h_save
2026-01-31 18:28:37,924 [INFO] CodeEngine:289 - Generated code: D:\Dokumenty\jamro\Projekty\Programowanie\embeded\Trial_task_Firmware_Engineer\trial_task_smart_relay\Core\Inc\stm32f4xx_it.h
2026-01-31 18:28:37,933 [INFO] CodeEngine:265 - oldGeneratedFile, D:\Dokumenty\jamro\Projekty\Programowanie\embeded\Trial_task_Firmware_Engineer\trial_task_smart_relay\Core\Src\stm32f4xx_hal_msp.c_save
2026-01-31 18:28:38,019 [INFO] CodeEngine:289 - Generated code: D:\Dokumenty\jamro\Projekty\Programowanie\embeded\Trial_task_Firmware_Engineer\trial_task_smart_relay\Core\Src\stm32f4xx_hal_msp.c
2026-01-31 18:28:38,022 [INFO] CodeEngine:265 - oldGeneratedFile, D:\Dokumenty\jamro\Projekty\Programowanie\embeded\Trial_task_Firmware_Engineer\trial_task_smart_relay\MXTmpFiles\system.tmp_save
2026-01-31 18:28:38,071 [INFO] CodeEngine:289 - Generated code: D:\Dokumenty\jamro\Projekty\Programowanie\embeded\Trial_task_Firmware_Engineer\trial_task_smart_relay\MXTmpFiles\system.tmp
2026-01-31 18:28:38,078 [INFO] CodeEngine:321 - oldGeneratedFile, D:\Dokumenty\jamro\Projekty\Programowanie\embeded\Trial_task_Firmware_Engineer\trial_task_smart_relay\Core\Inc\stm32f4xx_hal_conf.h_save
2026-01-31 18:28:38,137 [INFO] CodeEngine:345 - Generated code: D:\Dokumenty\jamro\Projekty\Programowanie\embeded\Trial_task_Firmware_Engineer\trial_task_smart_relay\Core\Inc\stm32f4xx_hal_conf.h
2026-01-31 18:28:38,168 [INFO] CodeEngine:265 - oldGeneratedFile, D:\Dokumenty\jamro\Projekty\Programowanie\embeded\Trial_task_Firmware_Engineer\trial_task_smart_relay\Core\Inc\main.h_save
2026-01-31 18:28:38,258 [INFO] CodeEngine:289 - Generated code: D:\Dokumenty\jamro\Projekty\Programowanie\embeded\Trial_task_Firmware_Engineer\trial_task_smart_relay\Core\Inc\main.h
2026-01-31 18:28:38,262 [INFO] CodeEngine:265 - oldGeneratedFile, D:\Dokumenty\jamro\Projekty\Programowanie\embeded\Trial_task_Firmware_Engineer\trial_task_smart_relay\Core\Src\main.c_save
2026-01-31 18:28:38,337 [INFO] CodeEngine:289 - Generated code: D:\Dokumenty\jamro\Projekty\Programowanie\embeded\Trial_task_Firmware_Engineer\trial_task_smart_relay\Core\Src\main.c
2026-01-31 18:28:38,550 [INFO] ProjectBuilder:3606 - Time for Copy HAL[1] : 79mS.
2026-01-31 18:28:38,552 [INFO] ProjectBuilder:5216 - Project Generator version: 4.7.0-B52
2026-01-31 18:28:38,610 [INFO] ConfigFileManager:1595 - The Die is : DIE431
2026-01-31 18:28:39,297 [INFO] ProjectBuilder:5496 - Time for Generating toolchain IDE Files: 744mS.
2026-01-31 18:28:39,297 [INFO] ProjectBuilder:3463 - Time for Copy CMSIS : 0mS.
2026-01-31 18:28:39,298 [INFO] ProjectBuilder:3463 - Time for Copy CMSIS : 0mS.
2026-01-31 19:22:43,109 [INFO] UtilMem:75 - End SaveConfig() Used Memory: 563021936 Bytes (618659840)
2026-01-31 19:24:13,534 [INFO] UtilMem:75 - End SaveConfig() Used Memory: 490148288 Bytes (618659840)
2026-01-31 19:24:13,874 [INFO] BlockDiagram:2775 - set Specific Code input for plugin: NVIC
2026-01-31 19:24:13,874 [INFO] BlockDiagram:2775 - set Specific Code input for plugin: SYS
2026-01-31 19:24:13,875 [INFO] BlockDiagram:2775 - set Specific Code input for plugin: GPIO
2026-01-31 19:24:13,875 [INFO] BlockDiagram:2775 - set Specific Code input for plugin: ADC
2026-01-31 19:24:13,875 [INFO] BlockDiagram:2775 - set Specific Code input for plugin: RCC
2026-01-31 19:24:13,876 [INFO] CodeGenerator:892 - code generatio: config db path: C:\ST\STM32CubeIDE_1.19.0\STM32CubeIDE\plugins\com.st.stm32cube.common.mx_6.15.0.202507011659\\db\
2026-01-31 19:24:13,937 [INFO] CodeEngine:265 - oldGeneratedFile, D:\Dokumenty\jamro\Projekty\Programowanie\embeded\Trial_task_Firmware_Engineer\trial_task_smart_relay\MXTmpFiles\license.tmp_save
2026-01-31 19:24:14,151 [INFO] CodeEngine:289 - Generated code: D:\Dokumenty\jamro\Projekty\Programowanie\embeded\Trial_task_Firmware_Engineer\trial_task_smart_relay\MXTmpFiles\license.tmp
2026-01-31 19:24:14,174 [INFO] CodeEngine:265 - oldGeneratedFile, D:\Dokumenty\jamro\Projekty\Programowanie\embeded\Trial_task_Firmware_Engineer\trial_task_smart_relay\Core\Src\gpio.c_save
2026-01-31 19:24:14,293 [INFO] CodeEngine:289 - Generated code: D:\Dokumenty\jamro\Projekty\Programowanie\embeded\Trial_task_Firmware_Engineer\trial_task_smart_relay\Core\Src\gpio.c
2026-01-31 19:24:14,296 [INFO] CodeEngine:265 - oldGeneratedFile, D:\Dokumenty\jamro\Projekty\Programowanie\embeded\Trial_task_Firmware_Engineer\trial_task_smart_relay\Core\Inc\gpio.h_save
2026-01-31 19:24:14,387 [INFO] CodeEngine:289 - Generated code: D:\Dokumenty\jamro\Projekty\Programowanie\embeded\Trial_task_Firmware_Engineer\trial_task_smart_relay\Core\Inc\gpio.h
2026-01-31 19:24:14,431 [INFO] CodeEngine:265 - oldGeneratedFile, D:\Dokumenty\jamro\Projekty\Programowanie\embeded\Trial_task_Firmware_Engineer\trial_task_smart_relay\Core\Src\adc.c_save
2026-01-31 19:24:14,560 [INFO] CodeEngine:289 - Generated code: D:\Dokumenty\jamro\Projekty\Programowanie\embeded\Trial_task_Firmware_Engineer\trial_task_smart_relay\Core\Src\adc.c
2026-01-31 19:24:14,563 [INFO] CodeEngine:265 - oldGeneratedFile, D:\Dokumenty\jamro\Projekty\Programowanie\embeded\Trial_task_Firmware_Engineer\trial_task_smart_relay\Core\Inc\adc.h_save
2026-01-31 19:24:14,636 [INFO] CodeEngine:289 - Generated code: D:\Dokumenty\jamro\Projekty\Programowanie\embeded\Trial_task_Firmware_Engineer\trial_task_smart_relay\Core\Inc\adc.h
2026-01-31 19:24:14,645 [INFO] CodeEngine:265 - oldGeneratedFile, D:\Dokumenty\jamro\Projekty\Programowanie\embeded\Trial_task_Firmware_Engineer\trial_task_smart_relay\Core\Src\stm32f4xx_it.c_save
2026-01-31 19:24:14,826 [INFO] CodeEngine:289 - Generated code: D:\Dokumenty\jamro\Projekty\Programowanie\embeded\Trial_task_Firmware_Engineer\trial_task_smart_relay\Core\Src\stm32f4xx_it.c
2026-01-31 19:24:14,829 [INFO] CodeEngine:265 - oldGeneratedFile, D:\Dokumenty\jamro\Projekty\Programowanie\embeded\Trial_task_Firmware_Engineer\trial_task_smart_relay\Core\Inc\stm32f4xx_it.h_save
2026-01-31 19:24:14,896 [INFO] CodeEngine:289 - Generated code: D:\Dokumenty\jamro\Projekty\Programowanie\embeded\Trial_task_Firmware_Engineer\trial_task_smart_relay\Core\Inc\stm32f4xx_it.h
2026-01-31 19:24:14,904 [INFO] CodeEngine:265 - oldGeneratedFile, D:\Dokumenty\jamro\Projekty\Programowanie\embeded\Trial_task_Firmware_Engineer\trial_task_smart_relay\Core\Src\stm32f4xx_hal_msp.c_save
2026-01-31 19:24:14,981 [INFO] CodeEngine:289 - Generated code: D:\Dokumenty\jamro\Projekty\Programowanie\embeded\Trial_task_Firmware_Engineer\trial_task_smart_relay\Core\Src\stm32f4xx_hal_msp.c
2026-01-31 19:24:14,984 [INFO] CodeEngine:265 - oldGeneratedFile, D:\Dokumenty\jamro\Projekty\Programowanie\embeded\Trial_task_Firmware_Engineer\trial_task_smart_relay\MXTmpFiles\system.tmp_save
2026-01-31 19:24:15,045 [INFO] CodeEngine:289 - Generated code: D:\Dokumenty\jamro\Projekty\Programowanie\embeded\Trial_task_Firmware_Engineer\trial_task_smart_relay\MXTmpFiles\system.tmp
2026-01-31 19:24:15,053 [INFO] CodeEngine:321 - oldGeneratedFile, D:\Dokumenty\jamro\Projekty\Programowanie\embeded\Trial_task_Firmware_Engineer\trial_task_smart_relay\Core\Inc\stm32f4xx_hal_conf.h_save
2026-01-31 19:24:15,114 [INFO] CodeEngine:345 - Generated code: D:\Dokumenty\jamro\Projekty\Programowanie\embeded\Trial_task_Firmware_Engineer\trial_task_smart_relay\Core\Inc\stm32f4xx_hal_conf.h
2026-01-31 19:24:15,134 [INFO] CodeEngine:265 - oldGeneratedFile, D:\Dokumenty\jamro\Projekty\Programowanie\embeded\Trial_task_Firmware_Engineer\trial_task_smart_relay\Core\Inc\main.h_save
2026-01-31 19:24:15,214 [INFO] CodeEngine:289 - Generated code: D:\Dokumenty\jamro\Projekty\Programowanie\embeded\Trial_task_Firmware_Engineer\trial_task_smart_relay\Core\Inc\main.h
2026-01-31 19:24:15,220 [INFO] CodeEngine:265 - oldGeneratedFile, D:\Dokumenty\jamro\Projekty\Programowanie\embeded\Trial_task_Firmware_Engineer\trial_task_smart_relay\Core\Src\main.c_save
2026-01-31 19:24:15,291 [INFO] CodeEngine:289 - Generated code: D:\Dokumenty\jamro\Projekty\Programowanie\embeded\Trial_task_Firmware_Engineer\trial_task_smart_relay\Core\Src\main.c
2026-01-31 19:24:15,522 [INFO] ProjectBuilder:3606 - Time for Copy HAL[1] : 83mS.
2026-01-31 19:24:15,525 [INFO] ProjectBuilder:5216 - Project Generator version: 4.7.0-B52
2026-01-31 19:24:15,577 [INFO] ConfigFileManager:1595 - The Die is : DIE431
2026-01-31 19:24:16,127 [INFO] ProjectBuilder:5496 - Time for Generating toolchain IDE Files: 601mS.
2026-01-31 19:24:16,127 [INFO] ProjectBuilder:3463 - Time for Copy CMSIS : 0mS.
2026-01-31 19:24:16,128 [INFO] ProjectBuilder:3463 - Time for Copy CMSIS : 0mS.
2026-01-31 20:38:00,789 [INFO] Gpio:278 - dependency for GPIO [ADC1, SYS]
2026-01-31 21:43:26,040 [INFO] Gpio:278 - dependency for GPIO [ADC1, SYS]
2026-01-31 23:55:36,308 [ERROR] LogOutputStream:75 - [STDERR_REDIRECT] 
